<?xml version="1.0" encoding="UTF-8"?>
<!-- Generated by org.testng.reporters.JUnitXMLReporter -->
<testsuite ignored="0" hostname="Unknown-" failures="0" tests="15" name="Test" time="27.578" errors="0" timestamp="2023-03-06T03:01:33 EST">
  <testcase classname="com.employeeApi_TestCase.T001_GET_AllEmployee" name="CheckStatusLine" time="0.01"/>
  <testcase classname="com.employeeApi_TestCase.T001_GET_AllEmployee" name="checkResponseBody" time="0.042"/>
  <testcase classname="com.employeeApi_TestCase.T001_GET_AllEmployee" name="checkStatusCode" time="0.007"/>
  <testcase classname="com.employeeApi_TestCase.T001_GET_AllEmployee" name="verifyElementsOfHeader" time="0.008"/>
  <testcase classname="com.employeeApi_TestCase.T002_Get_Sigle_Employee_Record" name="CheckStatusLine" time="0.004"/>
  <testcase classname="com.employeeApi_TestCase.T002_Get_Sigle_Employee_Record" name="checkResponseBody" time="0.005"/>
  <testcase classname="com.employeeApi_TestCase.T002_Get_Sigle_Employee_Record" name="checkStatusCode" time="0.006"/>
  <testcase classname="com.employeeApi_TestCase.T002_Get_Sigle_Employee_Record" name="verifyElementsOfHeader" time="0.003"/>
  <testcase classname="com.employeeApi_TestCase.T003_Post_CresteNewRecordInDatabase" name="checkStatusCode" time="0.003"/>
  <testcase classname="com.employeeApi_TestCase.T003_Post_CresteNewRecordInDatabase" name="verifyResponseBody" time="0.004"/>
  <testcase classname="com.employeeApi_TestCase.T004_Put_Request_For_Update" name="checkStatusCode" time="0.002"/>
  <testcase classname="com.employeeApi_TestCase.T004_Put_Request_For_Update" name="verifyResponseBody" time="0.003"/>
  <testcase classname="com.employeeApi_TestCase.T005_DataDrivenTest_hardCodedData" name="getAllEmployee" time="3.349"/>
  <testcase classname="com.employeeApi_TestCase.T005_DataDrivenTest_hardCodedData" name="getAllEmployee" time="3.375"/>
  <testcase classname="com.employeeApi_TestCase.T005_DataDrivenTest_hardCodedData" name="getAllEmployee" time="3.365"/>
</testsuite> <!-- Test -->
